<?xml version="1.0" encoding="UTF-8"?>
<!-- Generated by org.testng.reporters.JUnitReportReporter -->
<testsuite hostname="Rohit" failures="0" tests="1" name="test.PBTest" time="17.108" errors="0" timestamp="2023-07-03T14:54:01 IST" skipped="0">
  <testcase classname="test.PBTest" name="verifyUserName" time="17.108">
    <system-out>
      <![CDATA[ThisverifyUserName method completed sucessfully
waiting for1000mili sec
Read Data unfrom Properties 
ThisverifyUserName excecution started]]>
    </system-out>
  </testcase> <!-- verifyUserName -->
  <system-out>
    <![CDATA[waiting for1000mili sec
Luanching the Browser
waiting for1000mili sec
Read Data mobNofrom Properties 
waiting for1000mili sec
waiting for1000mili sec
Read Data pwdfrom Properties 
waiting for1000mili sec
waiting for1000mili sec
waiting for1000mili sec
ThisverifyUserName method completed sucessfully
waiting for1000mili sec
Read Data unfrom Properties 
ThisverifyUserName excecution started
waiting for1000mili sec
waiting for1000mili sec
waiting for2000mili sec
Closing the Browser]]>
  </system-out>
</testsuite> <!-- test.PBTest -->
